#-----------------------------------------------------------
# Vivado v2016.4 (64-bit)
# SW Build 1756540 on Mon Jan 23 19:11:23 MST 2017
# IP Build 1755317 on Mon Jan 23 20:30:07 MST 2017
# Start of session at: Wed Jun 07 10:08:04 2017
# Process ID: 9836
# Current directory: C:/Users/Acer/Desktop/Laboratorio ELO212/esclavo_endpoint_uart
# Command line: vivado.exe -gui_launcher_event rodinguilauncherevent7292 C:\Users\Acer\Desktop\Laboratorio ELO212\esclavo_endpoint_uart\esclavo_endpoint_uart.xpr
# Log file: C:/Users/Acer/Desktop/Laboratorio ELO212/esclavo_endpoint_uart/vivado.log
# Journal file: C:/Users/Acer/Desktop/Laboratorio ELO212/esclavo_endpoint_uart\vivado.jou
#-----------------------------------------------------------
start_gui
open_project {C:/Users/Acer/Desktop/Laboratorio ELO212/esclavo_endpoint_uart/esclavo_endpoint_uart.xpr}
Scanning sources...
Finished scanning sources
INFO: [IP_Flow 19-234] Refreshing IP repositories
INFO: [IP_Flow 19-1704] No user IP repositories specified
INFO: [IP_Flow 19-2313] Loaded Vivado IP repository 'C:/Xilinx/Vivado/2016.4/data/ip'.
open_project: Time (s): cpu = 00:00:33 ; elapsed = 00:00:26 . Memory (MB): peak = 758.055 ; gain = 106.949
open_hw
connect_hw_server
INFO: [Labtools 27-2285] Connecting to hw_server url TCP:localhost:3121
INFO: [Labtools 27-2222] Launching hw_server...
INFO: [Labtools 27-2221] Launch Output:

****** Xilinx hw_server v2016.4
  **** Build date : Jan 23 2017-19:37:29
    ** Copyright 1986-2016 Xilinx, Inc. All Rights Reserved.


connect_hw_server: Time (s): cpu = 00:00:01 ; elapsed = 00:00:05 . Memory (MB): peak = 765.266 ; gain = 0.000
open_hw_target
INFO: [Labtoolstcl 44-466] Opening hw_target localhost:3121/xilinx_tcf/Digilent/210292A40220A
set_property PROGRAM.FILE {C:/Users/Acer/Desktop/Laboratorio ELO212/esclavo_endpoint_uart/esclavo_endpoint_uart.runs/impl_1/esclavo_endpoint_uart.bit} [lindex [get_hw_devices xc7a100t_0] 0]
current_hw_device [lindex [get_hw_devices xc7a100t_0] 0]
refresh_hw_device -update_hw_probes false [lindex [get_hw_devices xc7a100t_0] 0]
INFO: [Labtools 27-1434] Device xc7a100t (JTAG device index = 0) is programmed with a design that has no supported debug core(s) in it.
WARNING: [Labtools 27-3123] The debug hub core was not detected at User Scan Chain 1 or 3.
Resolution: 
1. Make sure the clock connected to the debug hub (dbg_hub) core is a free running clock and is active OR
2. Manually launch hw_server with -e "set xsdb-user-bscan <C_USER_SCAN_CHAIN scan_chain_number>" to detect the debug hub at User Scan Chain of 2 or 4. To determine the user scan chain setting, open the implemented design and use: get_property C_USER_SCAN_CHAIN [get_debug_cores dbg_hub].
set_property PROBES.FILE {} [lindex [get_hw_devices xc7a100t_0] 0]
set_property PROGRAM.FILE {C:/Users/Acer/Desktop/Laboratorio ELO212/esclavo_endpoint_uart/esclavo_endpoint_uart.runs/impl_1/esclavo_endpoint_uart.bit} [lindex [get_hw_devices xc7a100t_0] 0]
program_hw_devices [lindex [get_hw_devices xc7a100t_0] 0]
INFO: [Labtools 27-3164] End of startup status: HIGH
refresh_hw_device [lindex [get_hw_devices xc7a100t_0] 0]
INFO: [Labtools 27-1434] Device xc7a100t (JTAG device index = 0) is programmed with a design that has no supported debug core(s) in it.
WARNING: [Labtools 27-3123] The debug hub core was not detected at User Scan Chain 1 or 3.
Resolution: 
1. Make sure the clock connected to the debug hub (dbg_hub) core is a free running clock and is active OR
2. Manually launch hw_server with -e "set xsdb-user-bscan <C_USER_SCAN_CHAIN scan_chain_number>" to detect the debug hub at User Scan Chain of 2 or 4. To determine the user scan chain setting, open the implemented design and use: get_property C_USER_SCAN_CHAIN [get_debug_cores dbg_hub].
WARNING: [Labtoolstcl 44-130] No matching hw_ilas were found.
WARNING: [Labtoolstcl 44-130] No matching hw_ilas were found.
WARNING: [Labtoolstcl 44-130] No matching hw_ilas were found.
WARNING: [Labtoolstcl 44-130] No matching hw_ilas were found.
close_hw
reset_run synth_1
launch_runs impl_1 -to_step write_bitstream -jobs 2
[Wed Jun 07 10:38:13 2017] Launched synth_1...
Run output will be captured here: C:/Users/Acer/Desktop/Laboratorio ELO212/esclavo_endpoint_uart/esclavo_endpoint_uart.runs/synth_1/runme.log
[Wed Jun 07 10:38:13 2017] Launched impl_1...
Run output will be captured here: C:/Users/Acer/Desktop/Laboratorio ELO212/esclavo_endpoint_uart/esclavo_endpoint_uart.runs/impl_1/runme.log
open_hw
connect_hw_server
INFO: [Labtools 27-2285] Connecting to hw_server url TCP:localhost:3121
INFO: [Labtools 27-2222] Launching hw_server...
INFO: [Labtools 27-2221] Launch Output:

****** Xilinx hw_server v2016.4
  **** Build date : Jan 23 2017-19:37:29
    ** Copyright 1986-2016 Xilinx, Inc. All Rights Reserved.


open_hw_target
INFO: [Labtoolstcl 44-466] Opening hw_target localhost:3121/xilinx_tcf/Digilent/210292A40220A
set_property PROGRAM.FILE {C:/Users/Acer/Desktop/Laboratorio ELO212/esclavo_endpoint_uart/esclavo_endpoint_uart.runs/impl_1/esclavo_endpoint_uart.bit} [lindex [get_hw_devices xc7a100t_0] 0]
current_hw_device [lindex [get_hw_devices xc7a100t_0] 0]
refresh_hw_device -update_hw_probes false [lindex [get_hw_devices xc7a100t_0] 0]
INFO: [Labtools 27-1434] Device xc7a100t (JTAG device index = 0) is programmed with a design that has no supported debug core(s) in it.
WARNING: [Labtools 27-3123] The debug hub core was not detected at User Scan Chain 1 or 3.
Resolution: 
1. Make sure the clock connected to the debug hub (dbg_hub) core is a free running clock and is active OR
2. Manually launch hw_server with -e "set xsdb-user-bscan <C_USER_SCAN_CHAIN scan_chain_number>" to detect the debug hub at User Scan Chain of 2 or 4. To determine the user scan chain setting, open the implemented design and use: get_property C_USER_SCAN_CHAIN [get_debug_cores dbg_hub].
set_property PROBES.FILE {} [lindex [get_hw_devices xc7a100t_0] 0]
set_property PROGRAM.FILE {C:/Users/Acer/Desktop/Laboratorio ELO212/esclavo_endpoint_uart/esclavo_endpoint_uart.runs/impl_1/esclavo_endpoint_uart.bit} [lindex [get_hw_devices xc7a100t_0] 0]
program_hw_devices [lindex [get_hw_devices xc7a100t_0] 0]
INFO: [Labtools 27-3164] End of startup status: HIGH
refresh_hw_device [lindex [get_hw_devices xc7a100t_0] 0]
INFO: [Labtools 27-1434] Device xc7a100t (JTAG device index = 0) is programmed with a design that has no supported debug core(s) in it.
WARNING: [Labtools 27-3123] The debug hub core was not detected at User Scan Chain 1 or 3.
Resolution: 
1. Make sure the clock connected to the debug hub (dbg_hub) core is a free running clock and is active OR
2. Manually launch hw_server with -e "set xsdb-user-bscan <C_USER_SCAN_CHAIN scan_chain_number>" to detect the debug hub at User Scan Chain of 2 or 4. To determine the user scan chain setting, open the implemented design and use: get_property C_USER_SCAN_CHAIN [get_debug_cores dbg_hub].
WARNING: [Labtoolstcl 44-130] No matching hw_ilas were found.
WARNING: [Labtoolstcl 44-130] No matching hw_ilas were found.
WARNING: [Labtoolstcl 44-130] No matching hw_ilas were found.
WARNING: [Labtoolstcl 44-130] No matching hw_ilas were found.
reset_run synth_1
launch_runs impl_1 -to_step write_bitstream -jobs 2
[Wed Jun 07 10:52:56 2017] Launched synth_1...
Run output will be captured here: C:/Users/Acer/Desktop/Laboratorio ELO212/esclavo_endpoint_uart/esclavo_endpoint_uart.runs/synth_1/runme.log
[Wed Jun 07 10:52:56 2017] Launched impl_1...
Run output will be captured here: C:/Users/Acer/Desktop/Laboratorio ELO212/esclavo_endpoint_uart/esclavo_endpoint_uart.runs/impl_1/runme.log
set_property PROBES.FILE {} [lindex [get_hw_devices xc7a100t_0] 0]
set_property PROGRAM.FILE {C:/Users/Acer/Desktop/Laboratorio ELO212/esclavo_endpoint_uart/esclavo_endpoint_uart.runs/impl_1/esclavo_endpoint_uart.bit} [lindex [get_hw_devices xc7a100t_0] 0]
program_hw_devices [lindex [get_hw_devices xc7a100t_0] 0]
INFO: [Labtools 27-3164] End of startup status: HIGH
refresh_hw_device [lindex [get_hw_devices xc7a100t_0] 0]
INFO: [Labtools 27-1434] Device xc7a100t (JTAG device index = 0) is programmed with a design that has no supported debug core(s) in it.
WARNING: [Labtools 27-3123] The debug hub core was not detected at User Scan Chain 1 or 3.
Resolution: 
1. Make sure the clock connected to the debug hub (dbg_hub) core is a free running clock and is active OR
2. Manually launch hw_server with -e "set xsdb-user-bscan <C_USER_SCAN_CHAIN scan_chain_number>" to detect the debug hub at User Scan Chain of 2 or 4. To determine the user scan chain setting, open the implemented design and use: get_property C_USER_SCAN_CHAIN [get_debug_cores dbg_hub].
WARNING: [Labtoolstcl 44-130] No matching hw_ilas were found.
WARNING: [Labtoolstcl 44-130] No matching hw_ilas were found.
WARNING: [Labtoolstcl 44-130] No matching hw_ilas were found.
WARNING: [Labtoolstcl 44-130] No matching hw_ilas were found.
close_hw
reset_run synth_1
launch_runs impl_1 -to_step write_bitstream -jobs 2
[Wed Jun 07 11:16:19 2017] Launched synth_1...
Run output will be captured here: C:/Users/Acer/Desktop/Laboratorio ELO212/esclavo_endpoint_uart/esclavo_endpoint_uart.runs/synth_1/runme.log
[Wed Jun 07 11:16:19 2017] Launched impl_1...
Run output will be captured here: C:/Users/Acer/Desktop/Laboratorio ELO212/esclavo_endpoint_uart/esclavo_endpoint_uart.runs/impl_1/runme.log
open_hw
connect_hw_server
INFO: [Labtools 27-2285] Connecting to hw_server url TCP:localhost:3121
INFO: [Labtools 27-2222] Launching hw_server...
INFO: [Labtools 27-2221] Launch Output:

****** Xilinx hw_server v2016.4
  **** Build date : Jan 23 2017-19:37:29
    ** Copyright 1986-2016 Xilinx, Inc. All Rights Reserved.


open_hw_target
INFO: [Labtoolstcl 44-466] Opening hw_target localhost:3121/xilinx_tcf/Digilent/210292A40220A
ERROR: [Labtools 27-2269] No devices detected on target localhost:3121/xilinx_tcf/Digilent/210292A40220A.
Check cable connectivity and that the target board is powered up then
use the disconnect_hw_server and connect_hw_server to re-register this hardware target.
ERROR: [Common 17-39] 'open_hw_target' failed due to earlier errors.
set_property PROBES.FILE {} [lindex [get_hw_devices xc7a100t_0] 0]
set_property PROGRAM.FILE {C:/Users/Acer/Desktop/Laboratorio ELO212/esclavo_endpoint_uart/esclavo_endpoint_uart.runs/impl_1/esclavo_endpoint_uart.bit} [lindex [get_hw_devices xc7a100t_0] 0]
program_hw_devices [lindex [get_hw_devices xc7a100t_0] 0]
INFO: [Labtools 27-3164] End of startup status: HIGH
refresh_hw_device [lindex [get_hw_devices xc7a100t_0] 0]
INFO: [Labtools 27-1434] Device xc7a100t (JTAG device index = 0) is programmed with a design that has no supported debug core(s) in it.
WARNING: [Labtools 27-3123] The debug hub core was not detected at User Scan Chain 1 or 3.
Resolution: 
1. Make sure the clock connected to the debug hub (dbg_hub) core is a free running clock and is active OR
2. Manually launch hw_server with -e "set xsdb-user-bscan <C_USER_SCAN_CHAIN scan_chain_number>" to detect the debug hub at User Scan Chain of 2 or 4. To determine the user scan chain setting, open the implemented design and use: get_property C_USER_SCAN_CHAIN [get_debug_cores dbg_hub].
WARNING: [Labtoolstcl 44-130] No matching hw_ilas were found.
WARNING: [Labtoolstcl 44-130] No matching hw_ilas were found.
WARNING: [Labtoolstcl 44-130] No matching hw_ilas were found.
WARNING: [Labtoolstcl 44-130] No matching hw_ilas were found.
ERROR: [Labtools 27-2269] No devices detected on target localhost:3121/xilinx_tcf/Digilent/210292A40220A.
Check cable connectivity and that the target board is powered up then
use the disconnect_hw_server and connect_hw_server to re-register this hardware target.
ERROR: [Labtoolstcl 44-513] HW Target shutdown. Closing target: localhost:3121/xilinx_tcf/Digilent/210292A40220A
reset_run synth_1
launch_runs impl_1 -to_step write_bitstream -jobs 2
[Thu Jun 08 12:30:16 2017] Launched synth_1...
Run output will be captured here: C:/Users/Acer/Desktop/Laboratorio ELO212/esclavo_endpoint_uart/esclavo_endpoint_uart.runs/synth_1/runme.log
[Thu Jun 08 12:30:16 2017] Launched impl_1...
Run output will be captured here: C:/Users/Acer/Desktop/Laboratorio ELO212/esclavo_endpoint_uart/esclavo_endpoint_uart.runs/impl_1/runme.log
open_run impl_1
INFO: [Netlist 29-17] Analyzing 34 Unisim elements for replacement
INFO: [Netlist 29-28] Unisim Transformation completed in 0 CPU seconds
INFO: [Project 1-479] Netlist was created with Vivado 2016.4
INFO: [Device 21-403] Loading part xc7a100tcsg324-1
INFO: [Project 1-570] Preparing netlist for logic optimization
Parsing XDC File [C:/Users/Acer/Desktop/Laboratorio ELO212/esclavo_endpoint_uart/.Xil/Vivado-9836-Acer-PC/dcp/esclavo_endpoint_uart.xdc]
Finished Parsing XDC File [C:/Users/Acer/Desktop/Laboratorio ELO212/esclavo_endpoint_uart/.Xil/Vivado-9836-Acer-PC/dcp/esclavo_endpoint_uart.xdc]
Reading XDEF placement.
Reading placer database...
Reading XDEF routing.
Read XDEF File: Time (s): cpu = 00:00:01 ; elapsed = 00:00:00.473 . Memory (MB): peak = 1140.879 ; gain = 0.938
Restored from archive | CPU: 1.000000 secs | Memory: 0.000000 MB |
Finished XDEF File Restore: Time (s): cpu = 00:00:01 ; elapsed = 00:00:00.532 . Memory (MB): peak = 1140.879 ; gain = 0.938
INFO: [Project 1-111] Unisim Transformation Summary:
No Unisim elements were transformed.

open_run: Time (s): cpu = 00:00:51 ; elapsed = 00:00:38 . Memory (MB): peak = 1235.727 ; gain = 268.461
WARNING: [Timing 38-313] There are no user specified timing constraints. Timing constraints are needed for proper timing analysis.
reset_run synth_1
launch_runs impl_1 -to_step write_bitstream -jobs 2
[Thu Jun 08 12:41:27 2017] Launched synth_1...
Run output will be captured here: C:/Users/Acer/Desktop/Laboratorio ELO212/esclavo_endpoint_uart/esclavo_endpoint_uart.runs/synth_1/runme.log
[Thu Jun 08 12:41:27 2017] Launched impl_1...
Run output will be captured here: C:/Users/Acer/Desktop/Laboratorio ELO212/esclavo_endpoint_uart/esclavo_endpoint_uart.runs/impl_1/runme.log
close_design
open_run impl_1
INFO: [Netlist 29-17] Analyzing 34 Unisim elements for replacement
INFO: [Netlist 29-28] Unisim Transformation completed in 0 CPU seconds
INFO: [Project 1-479] Netlist was created with Vivado 2016.4
INFO: [Project 1-570] Preparing netlist for logic optimization
Parsing XDC File [C:/Users/Acer/Desktop/Laboratorio ELO212/esclavo_endpoint_uart/.Xil/Vivado-9836-Acer-PC/dcp/esclavo_endpoint_uart.xdc]
Finished Parsing XDC File [C:/Users/Acer/Desktop/Laboratorio ELO212/esclavo_endpoint_uart/.Xil/Vivado-9836-Acer-PC/dcp/esclavo_endpoint_uart.xdc]
Reading XDEF placement.
Reading placer database...
Reading XDEF routing.
Read XDEF File: Time (s): cpu = 00:00:01 ; elapsed = 00:00:00.233 . Memory (MB): peak = 1643.496 ; gain = 0.000
Restored from archive | CPU: 1.000000 secs | Memory: 0.000000 MB |
Finished XDEF File Restore: Time (s): cpu = 00:00:01 ; elapsed = 00:00:00.234 . Memory (MB): peak = 1643.496 ; gain = 0.000
INFO: [Project 1-111] Unisim Transformation Summary:
No Unisim elements were transformed.

open_run: Time (s): cpu = 00:00:13 ; elapsed = 00:00:08 . Memory (MB): peak = 1648.762 ; gain = 5.266
WARNING: [Timing 38-313] There are no user specified timing constraints. Timing constraints are needed for proper timing analysis.
close_design
close [ open {C:/Users/Acer/Desktop/Laboratorio ELO212/esclavo_endpoint_uart/esclavo_endpoint_uart.srcs/sources_1/new/tx_sequence.v} w ]
add_files {{C:/Users/Acer/Desktop/Laboratorio ELO212/esclavo_endpoint_uart/esclavo_endpoint_uart.srcs/sources_1/new/tx_sequence.v}}
add_files -norecurse C:/Users/Acer/Downloads/ELO212-example-modules-master/Lab5_UART_master_endpoint/Lab5_UART_master_endpoint.srcs/sources_1/new/TX_sequence.v
remove_files  {{C:/Users/Acer/Desktop/Laboratorio ELO212/esclavo_endpoint_uart/esclavo_endpoint_uart.srcs/sources_1/new/tx_sequence.v}}
add_files -norecurse C:/Users/Acer/Downloads/ELO212-example-modules-master/Lab5_UART_master_endpoint/Lab5_UART_master_endpoint.srcs/sources_1/new/UART_tx_control_wrapper.v
reset_run synth_1
launch_runs impl_1 -to_step write_bitstream -jobs 2
[Mon Jun 12 19:45:05 2017] Launched synth_1...
Run output will be captured here: C:/Users/Acer/Desktop/Laboratorio ELO212/esclavo_endpoint_uart/esclavo_endpoint_uart.runs/synth_1/runme.log
[Mon Jun 12 19:45:05 2017] Launched impl_1...
Run output will be captured here: C:/Users/Acer/Desktop/Laboratorio ELO212/esclavo_endpoint_uart/esclavo_endpoint_uart.runs/impl_1/runme.log
reset_run synth_1
launch_runs impl_1 -to_step write_bitstream -jobs 2
[Mon Jun 12 19:47:44 2017] Launched synth_1...
Run output will be captured here: C:/Users/Acer/Desktop/Laboratorio ELO212/esclavo_endpoint_uart/esclavo_endpoint_uart.runs/synth_1/runme.log
[Mon Jun 12 19:47:44 2017] Launched impl_1...
Run output will be captured here: C:/Users/Acer/Desktop/Laboratorio ELO212/esclavo_endpoint_uart/esclavo_endpoint_uart.runs/impl_1/runme.log
reset_run synth_1
launch_runs impl_1 -to_step write_bitstream -jobs 2
[Mon Jun 12 19:49:42 2017] Launched synth_1...
Run output will be captured here: C:/Users/Acer/Desktop/Laboratorio ELO212/esclavo_endpoint_uart/esclavo_endpoint_uart.runs/synth_1/runme.log
[Mon Jun 12 19:49:42 2017] Launched impl_1...
Run output will be captured here: C:/Users/Acer/Desktop/Laboratorio ELO212/esclavo_endpoint_uart/esclavo_endpoint_uart.runs/impl_1/runme.log
reset_run synth_1
launch_runs impl_1 -to_step write_bitstream -jobs 2
[Mon Jun 12 19:52:27 2017] Launched synth_1...
Run output will be captured here: C:/Users/Acer/Desktop/Laboratorio ELO212/esclavo_endpoint_uart/esclavo_endpoint_uart.runs/synth_1/runme.log
[Mon Jun 12 19:52:27 2017] Launched impl_1...
Run output will be captured here: C:/Users/Acer/Desktop/Laboratorio ELO212/esclavo_endpoint_uart/esclavo_endpoint_uart.runs/impl_1/runme.log
reset_run synth_1
launch_runs impl_1 -to_step write_bitstream -jobs 2
[Mon Jun 12 19:55:16 2017] Launched synth_1...
Run output will be captured here: C:/Users/Acer/Desktop/Laboratorio ELO212/esclavo_endpoint_uart/esclavo_endpoint_uart.runs/synth_1/runme.log
[Mon Jun 12 19:55:16 2017] Launched impl_1...
Run output will be captured here: C:/Users/Acer/Desktop/Laboratorio ELO212/esclavo_endpoint_uart/esclavo_endpoint_uart.runs/impl_1/runme.log
INFO: [Labtoolstcl 44-466] Opening hw_target localhost:3121/xilinx_tcf/Digilent/210292A40220A
INFO: [Labtools 27-1435] Device xc7a100t (JTAG device index = 0) is not programmed (DONE status = 0).
refresh_hw_device [lindex [get_hw_devices xc7a100t_0] 0]
INFO: [Labtools 27-1435] Device xc7a100t (JTAG device index = 0) is not programmed (DONE status = 0).
set_property PROBES.FILE {} [lindex [get_hw_devices xc7a100t_0] 0]
set_property PROGRAM.FILE {C:/Users/Acer/Desktop/Laboratorio ELO212/esclavo_endpoint_uart/esclavo_endpoint_uart.runs/impl_1/esclavo_endpoint_uart.bit} [lindex [get_hw_devices xc7a100t_0] 0]
program_hw_devices [lindex [get_hw_devices xc7a100t_0] 0]
INFO: [Labtools 27-3164] End of startup status: HIGH
refresh_hw_device [lindex [get_hw_devices xc7a100t_0] 0]
INFO: [Labtools 27-1434] Device xc7a100t (JTAG device index = 0) is programmed with a design that has no supported debug core(s) in it.
WARNING: [Labtools 27-3123] The debug hub core was not detected at User Scan Chain 1 or 3.
Resolution: 
1. Make sure the clock connected to the debug hub (dbg_hub) core is a free running clock and is active OR
2. Manually launch hw_server with -e "set xsdb-user-bscan <C_USER_SCAN_CHAIN scan_chain_number>" to detect the debug hub at User Scan Chain of 2 or 4. To determine the user scan chain setting, open the implemented design and use: get_property C_USER_SCAN_CHAIN [get_debug_cores dbg_hub].
WARNING: [Labtoolstcl 44-130] No matching hw_ilas were found.
WARNING: [Labtoolstcl 44-130] No matching hw_ilas were found.
WARNING: [Labtoolstcl 44-130] No matching hw_ilas were found.
WARNING: [Labtoolstcl 44-130] No matching hw_ilas were found.
reset_run synth_1
launch_runs impl_1 -to_step write_bitstream -jobs 2
[Mon Jun 12 20:06:51 2017] Launched synth_1...
Run output will be captured here: C:/Users/Acer/Desktop/Laboratorio ELO212/esclavo_endpoint_uart/esclavo_endpoint_uart.runs/synth_1/runme.log
[Mon Jun 12 20:06:51 2017] Launched impl_1...
Run output will be captured here: C:/Users/Acer/Desktop/Laboratorio ELO212/esclavo_endpoint_uart/esclavo_endpoint_uart.runs/impl_1/runme.log
reset_run synth_1
launch_runs impl_1 -to_step write_bitstream -jobs 2
[Mon Jun 12 20:09:28 2017] Launched synth_1...
Run output will be captured here: C:/Users/Acer/Desktop/Laboratorio ELO212/esclavo_endpoint_uart/esclavo_endpoint_uart.runs/synth_1/runme.log
[Mon Jun 12 20:09:28 2017] Launched impl_1...
Run output will be captured here: C:/Users/Acer/Desktop/Laboratorio ELO212/esclavo_endpoint_uart/esclavo_endpoint_uart.runs/impl_1/runme.log
set_property PROBES.FILE {} [lindex [get_hw_devices xc7a100t_0] 0]
set_property PROGRAM.FILE {C:/Users/Acer/Desktop/Laboratorio ELO212/esclavo_endpoint_uart/esclavo_endpoint_uart.runs/impl_1/esclavo_endpoint_uart.bit} [lindex [get_hw_devices xc7a100t_0] 0]
program_hw_devices [lindex [get_hw_devices xc7a100t_0] 0]
INFO: [Labtools 27-3164] End of startup status: HIGH
refresh_hw_device [lindex [get_hw_devices xc7a100t_0] 0]
INFO: [Labtools 27-1434] Device xc7a100t (JTAG device index = 0) is programmed with a design that has no supported debug core(s) in it.
WARNING: [Labtools 27-3123] The debug hub core was not detected at User Scan Chain 1 or 3.
Resolution: 
1. Make sure the clock connected to the debug hub (dbg_hub) core is a free running clock and is active OR
2. Manually launch hw_server with -e "set xsdb-user-bscan <C_USER_SCAN_CHAIN scan_chain_number>" to detect the debug hub at User Scan Chain of 2 or 4. To determine the user scan chain setting, open the implemented design and use: get_property C_USER_SCAN_CHAIN [get_debug_cores dbg_hub].
WARNING: [Labtoolstcl 44-130] No matching hw_ilas were found.
WARNING: [Labtoolstcl 44-130] No matching hw_ilas were found.
WARNING: [Labtoolstcl 44-130] No matching hw_ilas were found.
WARNING: [Labtoolstcl 44-130] No matching hw_ilas were found.
exit
INFO: [Common 17-206] Exiting Vivado at Mon Jun 12 20:24:22 2017...
