#-----------------------------------------------------------
# Vivado v2016.4 (64-bit)
# SW Build 1756540 on Mon Jan 23 19:11:23 MST 2017
# IP Build 1755317 on Mon Jan 23 20:30:07 MST 2017
# Start of session at: Tue Jun 13 01:21:18 2017
# Process ID: 9080
# Current directory: C:/Users/Acer/Desktop/Laboratorio ELO212/esclavo_endpoint_uart
# Command line: vivado.exe -gui_launcher_event rodinguilauncherevent6544 C:\Users\Acer\Desktop\Laboratorio ELO212\esclavo_endpoint_uart\esclavo_endpoint_uart.xpr
# Log file: C:/Users/Acer/Desktop/Laboratorio ELO212/esclavo_endpoint_uart/vivado.log
# Journal file: C:/Users/Acer/Desktop/Laboratorio ELO212/esclavo_endpoint_uart\vivado.jou
#-----------------------------------------------------------
start_gui
open_project {C:/Users/Acer/Desktop/Laboratorio ELO212/esclavo_endpoint_uart/esclavo_endpoint_uart.xpr}
Scanning sources...
Finished scanning sources
INFO: [IP_Flow 19-234] Refreshing IP repositories
INFO: [IP_Flow 19-1704] No user IP repositories specified
INFO: [IP_Flow 19-2313] Loaded Vivado IP repository 'C:/Xilinx/Vivado/2016.4/data/ip'.
open_project: Time (s): cpu = 00:00:31 ; elapsed = 00:00:28 . Memory (MB): peak = 726.336 ; gain = 123.918
open_hw
connect_hw_server
INFO: [Labtools 27-2285] Connecting to hw_server url TCP:localhost:3121
INFO: [Labtools 27-2222] Launching hw_server...
INFO: [Labtools 27-2221] Launch Output:

****** Xilinx hw_server v2016.4
  **** Build date : Jan 23 2017-19:37:29
    ** Copyright 1986-2016 Xilinx, Inc. All Rights Reserved.


open_hw_target
INFO: [Labtoolstcl 44-466] Opening hw_target localhost:3121/xilinx_tcf/Digilent/210292A3FD94A
set_property PROGRAM.FILE {C:/Users/Acer/Desktop/Laboratorio ELO212/esclavo_endpoint_uart/esclavo_endpoint_uart.runs/impl_1/esclavo_endpoint_uart.bit} [lindex [get_hw_devices xc7a100t_0] 0]
current_hw_device [lindex [get_hw_devices xc7a100t_0] 0]
refresh_hw_device -update_hw_probes false [lindex [get_hw_devices xc7a100t_0] 0]
INFO: [Labtools 27-1434] Device xc7a100t (JTAG device index = 0) is programmed with a design that has no supported debug core(s) in it.
WARNING: [Labtools 27-3123] The debug hub core was not detected at User Scan Chain 1 or 3.
Resolution: 
1. Make sure the clock connected to the debug hub (dbg_hub) core is a free running clock and is active OR
2. Manually launch hw_server with -e "set xsdb-user-bscan <C_USER_SCAN_CHAIN scan_chain_number>" to detect the debug hub at User Scan Chain of 2 or 4. To determine the user scan chain setting, open the implemented design and use: get_property C_USER_SCAN_CHAIN [get_debug_cores dbg_hub].
set_property PROBES.FILE {} [lindex [get_hw_devices xc7a100t_0] 0]
set_property PROGRAM.FILE {C:/Users/Acer/Desktop/Laboratorio ELO212/esclavo_endpoint_uart/esclavo_endpoint_uart.runs/impl_1/esclavo_endpoint_uart.bit} [lindex [get_hw_devices xc7a100t_0] 0]
program_hw_devices [lindex [get_hw_devices xc7a100t_0] 0]
INFO: [Labtools 27-3164] End of startup status: HIGH
refresh_hw_device [lindex [get_hw_devices xc7a100t_0] 0]
INFO: [Labtools 27-1434] Device xc7a100t (JTAG device index = 0) is programmed with a design that has no supported debug core(s) in it.
WARNING: [Labtools 27-3123] The debug hub core was not detected at User Scan Chain 1 or 3.
Resolution: 
1. Make sure the clock connected to the debug hub (dbg_hub) core is a free running clock and is active OR
2. Manually launch hw_server with -e "set xsdb-user-bscan <C_USER_SCAN_CHAIN scan_chain_number>" to detect the debug hub at User Scan Chain of 2 or 4. To determine the user scan chain setting, open the implemented design and use: get_property C_USER_SCAN_CHAIN [get_debug_cores dbg_hub].
WARNING: [Labtoolstcl 44-130] No matching hw_ilas were found.
WARNING: [Labtoolstcl 44-130] No matching hw_ilas were found.
WARNING: [Labtoolstcl 44-130] No matching hw_ilas were found.
WARNING: [Labtoolstcl 44-130] No matching hw_ilas were found.
close_hw
