#-----------------------------------------------------------
# Vivado v2016.4 (64-bit)
# SW Build 1756540 on Mon Jan 23 19:11:23 MST 2017
# IP Build 1755317 on Mon Jan 23 20:30:07 MST 2017
# Start of session at: Tue Jun 06 14:29:57 2017
# Process ID: 632
# Current directory: C:/Users/Acer/Desktop/Laboratorio ELO212/esclavo_endpoint_uart
# Command line: vivado.exe -gui_launcher_event rodinguilauncherevent6848 C:\Users\Acer\Desktop\Laboratorio ELO212\esclavo_endpoint_uart\esclavo_endpoint_uart.xpr
# Log file: C:/Users/Acer/Desktop/Laboratorio ELO212/esclavo_endpoint_uart/vivado.log
# Journal file: C:/Users/Acer/Desktop/Laboratorio ELO212/esclavo_endpoint_uart\vivado.jou
#-----------------------------------------------------------
start_gui
open_project {C:/Users/Acer/Desktop/Laboratorio ELO212/esclavo_endpoint_uart/esclavo_endpoint_uart.xpr}
Scanning sources...
Finished scanning sources
INFO: [IP_Flow 19-234] Refreshing IP repositories
INFO: [IP_Flow 19-1704] No user IP repositories specified
INFO: [IP_Flow 19-2313] Loaded Vivado IP repository 'C:/Xilinx/Vivado/2016.4/data/ip'.
open_project: Time (s): cpu = 00:00:22 ; elapsed = 00:00:10 . Memory (MB): peak = 781.324 ; gain = 118.461
open_hw
connect_hw_server
INFO: [Labtools 27-2285] Connecting to hw_server url TCP:localhost:3121
INFO: [Labtools 27-2222] Launching hw_server...
INFO: [Labtools 27-2221] Launch Output:

****** Xilinx hw_server v2016.4
  **** Build date : Jan 23 2017-19:37:29
    ** Copyright 1986-2016 Xilinx, Inc. All Rights Reserved.


open_hw_target
INFO: [Labtoolstcl 44-466] Opening hw_target localhost:3121/xilinx_tcf/Digilent/210292A40220A
set_property PROGRAM.FILE {C:/Users/Acer/Desktop/Laboratorio ELO212/esclavo_endpoint_uart/esclavo_endpoint_uart.runs/impl_1/esclavo_endpoint_uart.bit} [lindex [get_hw_devices xc7a100t_0] 0]
current_hw_device [lindex [get_hw_devices xc7a100t_0] 0]
refresh_hw_device -update_hw_probes false [lindex [get_hw_devices xc7a100t_0] 0]
INFO: [Labtools 27-1434] Device xc7a100t (JTAG device index = 0) is programmed with a design that has no supported debug core(s) in it.
WARNING: [Labtools 27-3123] The debug hub core was not detected at User Scan Chain 1 or 3.
Resolution: 
1. Make sure the clock connected to the debug hub (dbg_hub) core is a free running clock and is active OR
2. Manually launch hw_server with -e "set xsdb-user-bscan <C_USER_SCAN_CHAIN scan_chain_number>" to detect the debug hub at User Scan Chain of 2 or 4. To determine the user scan chain setting, open the implemented design and use: get_property C_USER_SCAN_CHAIN [get_debug_cores dbg_hub].
set_property PROBES.FILE {} [lindex [get_hw_devices xc7a100t_0] 0]
set_property PROGRAM.FILE {C:/Users/Acer/Desktop/Laboratorio ELO212/esclavo_endpoint_uart/esclavo_endpoint_uart.runs/impl_1/esclavo_endpoint_uart.bit} [lindex [get_hw_devices xc7a100t_0] 0]
program_hw_devices [lindex [get_hw_devices xc7a100t_0] 0]
INFO: [Labtools 27-3164] End of startup status: HIGH
refresh_hw_device [lindex [get_hw_devices xc7a100t_0] 0]
INFO: [Labtools 27-1434] Device xc7a100t (JTAG device index = 0) is programmed with a design that has no supported debug core(s) in it.
WARNING: [Labtools 27-3123] The debug hub core was not detected at User Scan Chain 1 or 3.
Resolution: 
1. Make sure the clock connected to the debug hub (dbg_hub) core is a free running clock and is active OR
2. Manually launch hw_server with -e "set xsdb-user-bscan <C_USER_SCAN_CHAIN scan_chain_number>" to detect the debug hub at User Scan Chain of 2 or 4. To determine the user scan chain setting, open the implemented design and use: get_property C_USER_SCAN_CHAIN [get_debug_cores dbg_hub].
WARNING: [Labtoolstcl 44-130] No matching hw_ilas were found.
WARNING: [Labtoolstcl 44-130] No matching hw_ilas were found.
WARNING: [Labtoolstcl 44-130] No matching hw_ilas were found.
WARNING: [Labtoolstcl 44-130] No matching hw_ilas were found.
close_hw
reset_run synth_1
launch_runs impl_1 -to_step write_bitstream -jobs 2
[Tue Jun 06 14:54:05 2017] Launched synth_1...
Run output will be captured here: C:/Users/Acer/Desktop/Laboratorio ELO212/esclavo_endpoint_uart/esclavo_endpoint_uart.runs/synth_1/runme.log
[Tue Jun 06 14:54:05 2017] Launched impl_1...
Run output will be captured here: C:/Users/Acer/Desktop/Laboratorio ELO212/esclavo_endpoint_uart/esclavo_endpoint_uart.runs/impl_1/runme.log
reset_run impl_1
reset_run synth_1
launch_runs impl_1 -to_step write_bitstream -jobs 2
[Tue Jun 06 14:57:29 2017] Launched synth_1...
Run output will be captured here: C:/Users/Acer/Desktop/Laboratorio ELO212/esclavo_endpoint_uart/esclavo_endpoint_uart.runs/synth_1/runme.log
[Tue Jun 06 14:57:29 2017] Launched impl_1...
Run output will be captured here: C:/Users/Acer/Desktop/Laboratorio ELO212/esclavo_endpoint_uart/esclavo_endpoint_uart.runs/impl_1/runme.log
open_hw
connect_hw_server
INFO: [Labtools 27-2285] Connecting to hw_server url TCP:localhost:3121
INFO: [Labtools 27-2222] Launching hw_server...
INFO: [Labtools 27-2221] Launch Output:

****** Xilinx hw_server v2016.4
  **** Build date : Jan 23 2017-19:37:29
    ** Copyright 1986-2016 Xilinx, Inc. All Rights Reserved.


connect_hw_server: Time (s): cpu = 00:00:00 ; elapsed = 00:00:07 . Memory (MB): peak = 948.180 ; gain = 0.000
open_hw_target
INFO: [Labtoolstcl 44-466] Opening hw_target localhost:3121/xilinx_tcf/Digilent/210292A40220A
set_property PROGRAM.FILE {C:/Users/Acer/Desktop/Laboratorio ELO212/esclavo_endpoint_uart/esclavo_endpoint_uart.runs/impl_1/esclavo_endpoint_uart.bit} [lindex [get_hw_devices xc7a100t_0] 0]
current_hw_device [lindex [get_hw_devices xc7a100t_0] 0]
refresh_hw_device -update_hw_probes false [lindex [get_hw_devices xc7a100t_0] 0]
INFO: [Labtools 27-1434] Device xc7a100t (JTAG device index = 0) is programmed with a design that has no supported debug core(s) in it.
WARNING: [Labtools 27-3123] The debug hub core was not detected at User Scan Chain 1 or 3.
Resolution: 
1. Make sure the clock connected to the debug hub (dbg_hub) core is a free running clock and is active OR
2. Manually launch hw_server with -e "set xsdb-user-bscan <C_USER_SCAN_CHAIN scan_chain_number>" to detect the debug hub at User Scan Chain of 2 or 4. To determine the user scan chain setting, open the implemented design and use: get_property C_USER_SCAN_CHAIN [get_debug_cores dbg_hub].
set_property PROBES.FILE {} [lindex [get_hw_devices xc7a100t_0] 0]
set_property PROGRAM.FILE {C:/Users/Acer/Desktop/Laboratorio ELO212/esclavo_endpoint_uart/esclavo_endpoint_uart.runs/impl_1/esclavo_endpoint_uart.bit} [lindex [get_hw_devices xc7a100t_0] 0]
program_hw_devices [lindex [get_hw_devices xc7a100t_0] 0]
INFO: [Labtools 27-3164] End of startup status: HIGH
refresh_hw_device [lindex [get_hw_devices xc7a100t_0] 0]
INFO: [Labtools 27-1434] Device xc7a100t (JTAG device index = 0) is programmed with a design that has no supported debug core(s) in it.
WARNING: [Labtools 27-3123] The debug hub core was not detected at User Scan Chain 1 or 3.
Resolution: 
1. Make sure the clock connected to the debug hub (dbg_hub) core is a free running clock and is active OR
2. Manually launch hw_server with -e "set xsdb-user-bscan <C_USER_SCAN_CHAIN scan_chain_number>" to detect the debug hub at User Scan Chain of 2 or 4. To determine the user scan chain setting, open the implemented design and use: get_property C_USER_SCAN_CHAIN [get_debug_cores dbg_hub].
WARNING: [Labtoolstcl 44-130] No matching hw_ilas were found.
WARNING: [Labtoolstcl 44-130] No matching hw_ilas were found.
WARNING: [Labtoolstcl 44-130] No matching hw_ilas were found.
WARNING: [Labtoolstcl 44-130] No matching hw_ilas were found.
reset_run synth_1
launch_runs impl_1 -to_step write_bitstream -jobs 2
[Tue Jun 06 15:11:18 2017] Launched synth_1...
Run output will be captured here: C:/Users/Acer/Desktop/Laboratorio ELO212/esclavo_endpoint_uart/esclavo_endpoint_uart.runs/synth_1/runme.log
[Tue Jun 06 15:11:18 2017] Launched impl_1...
Run output will be captured here: C:/Users/Acer/Desktop/Laboratorio ELO212/esclavo_endpoint_uart/esclavo_endpoint_uart.runs/impl_1/runme.log
reset_run synth_1
launch_runs impl_1 -to_step write_bitstream -jobs 2
[Tue Jun 06 15:12:39 2017] Launched synth_1...
Run output will be captured here: C:/Users/Acer/Desktop/Laboratorio ELO212/esclavo_endpoint_uart/esclavo_endpoint_uart.runs/synth_1/runme.log
[Tue Jun 06 15:12:39 2017] Launched impl_1...
Run output will be captured here: C:/Users/Acer/Desktop/Laboratorio ELO212/esclavo_endpoint_uart/esclavo_endpoint_uart.runs/impl_1/runme.log
reset_run synth_1
launch_runs impl_1 -to_step write_bitstream -jobs 2
[Tue Jun 06 15:13:53 2017] Launched synth_1...
Run output will be captured here: C:/Users/Acer/Desktop/Laboratorio ELO212/esclavo_endpoint_uart/esclavo_endpoint_uart.runs/synth_1/runme.log
[Tue Jun 06 15:13:53 2017] Launched impl_1...
Run output will be captured here: C:/Users/Acer/Desktop/Laboratorio ELO212/esclavo_endpoint_uart/esclavo_endpoint_uart.runs/impl_1/runme.log
set_property PROBES.FILE {} [lindex [get_hw_devices xc7a100t_0] 0]
set_property PROGRAM.FILE {C:/Users/Acer/Desktop/Laboratorio ELO212/esclavo_endpoint_uart/esclavo_endpoint_uart.runs/impl_1/esclavo_endpoint_uart.bit} [lindex [get_hw_devices xc7a100t_0] 0]
program_hw_devices [lindex [get_hw_devices xc7a100t_0] 0]
INFO: [Labtools 27-3164] End of startup status: HIGH
refresh_hw_device [lindex [get_hw_devices xc7a100t_0] 0]
INFO: [Labtools 27-1434] Device xc7a100t (JTAG device index = 0) is programmed with a design that has no supported debug core(s) in it.
WARNING: [Labtools 27-3123] The debug hub core was not detected at User Scan Chain 1 or 3.
Resolution: 
1. Make sure the clock connected to the debug hub (dbg_hub) core is a free running clock and is active OR
2. Manually launch hw_server with -e "set xsdb-user-bscan <C_USER_SCAN_CHAIN scan_chain_number>" to detect the debug hub at User Scan Chain of 2 or 4. To determine the user scan chain setting, open the implemented design and use: get_property C_USER_SCAN_CHAIN [get_debug_cores dbg_hub].
WARNING: [Labtoolstcl 44-130] No matching hw_ilas were found.
WARNING: [Labtoolstcl 44-130] No matching hw_ilas were found.
WARNING: [Labtoolstcl 44-130] No matching hw_ilas were found.
WARNING: [Labtoolstcl 44-130] No matching hw_ilas were found.
reset_run synth_1
launch_runs impl_1 -to_step write_bitstream -jobs 2
[Tue Jun 06 15:21:19 2017] Launched synth_1...
Run output will be captured here: C:/Users/Acer/Desktop/Laboratorio ELO212/esclavo_endpoint_uart/esclavo_endpoint_uart.runs/synth_1/runme.log
[Tue Jun 06 15:21:19 2017] Launched impl_1...
Run output will be captured here: C:/Users/Acer/Desktop/Laboratorio ELO212/esclavo_endpoint_uart/esclavo_endpoint_uart.runs/impl_1/runme.log
set_property PROBES.FILE {} [lindex [get_hw_devices xc7a100t_0] 0]
set_property PROGRAM.FILE {C:/Users/Acer/Desktop/Laboratorio ELO212/esclavo_endpoint_uart/esclavo_endpoint_uart.runs/impl_1/esclavo_endpoint_uart.bit} [lindex [get_hw_devices xc7a100t_0] 0]
program_hw_devices [lindex [get_hw_devices xc7a100t_0] 0]
INFO: [Labtools 27-3164] End of startup status: HIGH
refresh_hw_device [lindex [get_hw_devices xc7a100t_0] 0]
INFO: [Labtools 27-1434] Device xc7a100t (JTAG device index = 0) is programmed with a design that has no supported debug core(s) in it.
WARNING: [Labtools 27-3123] The debug hub core was not detected at User Scan Chain 1 or 3.
Resolution: 
1. Make sure the clock connected to the debug hub (dbg_hub) core is a free running clock and is active OR
2. Manually launch hw_server with -e "set xsdb-user-bscan <C_USER_SCAN_CHAIN scan_chain_number>" to detect the debug hub at User Scan Chain of 2 or 4. To determine the user scan chain setting, open the implemented design and use: get_property C_USER_SCAN_CHAIN [get_debug_cores dbg_hub].
WARNING: [Labtoolstcl 44-130] No matching hw_ilas were found.
WARNING: [Labtoolstcl 44-130] No matching hw_ilas were found.
WARNING: [Labtoolstcl 44-130] No matching hw_ilas were found.
WARNING: [Labtoolstcl 44-130] No matching hw_ilas were found.
reset_run synth_1
launch_runs impl_1 -to_step write_bitstream -jobs 2
[Tue Jun 06 15:53:19 2017] Launched synth_1...
Run output will be captured here: C:/Users/Acer/Desktop/Laboratorio ELO212/esclavo_endpoint_uart/esclavo_endpoint_uart.runs/synth_1/runme.log
[Tue Jun 06 15:53:19 2017] Launched impl_1...
Run output will be captured here: C:/Users/Acer/Desktop/Laboratorio ELO212/esclavo_endpoint_uart/esclavo_endpoint_uart.runs/impl_1/runme.log
reset_run synth_1
launch_runs impl_1 -to_step write_bitstream -jobs 2
[Tue Jun 06 16:02:22 2017] Launched synth_1...
Run output will be captured here: C:/Users/Acer/Desktop/Laboratorio ELO212/esclavo_endpoint_uart/esclavo_endpoint_uart.runs/synth_1/runme.log
[Tue Jun 06 16:02:22 2017] Launched impl_1...
Run output will be captured here: C:/Users/Acer/Desktop/Laboratorio ELO212/esclavo_endpoint_uart/esclavo_endpoint_uart.runs/impl_1/runme.log
reset_run synth_1
launch_runs impl_1 -to_step write_bitstream -jobs 2
[Tue Jun 06 16:06:20 2017] Launched synth_1...
Run output will be captured here: C:/Users/Acer/Desktop/Laboratorio ELO212/esclavo_endpoint_uart/esclavo_endpoint_uart.runs/synth_1/runme.log
[Tue Jun 06 16:06:20 2017] Launched impl_1...
Run output will be captured here: C:/Users/Acer/Desktop/Laboratorio ELO212/esclavo_endpoint_uart/esclavo_endpoint_uart.runs/impl_1/runme.log
set_property PROBES.FILE {} [lindex [get_hw_devices xc7a100t_0] 0]
set_property PROGRAM.FILE {C:/Users/Acer/Desktop/Laboratorio ELO212/esclavo_endpoint_uart/esclavo_endpoint_uart.runs/impl_1/esclavo_endpoint_uart.bit} [lindex [get_hw_devices xc7a100t_0] 0]
program_hw_devices [lindex [get_hw_devices xc7a100t_0] 0]
INFO: [Labtools 27-3164] End of startup status: HIGH
refresh_hw_device [lindex [get_hw_devices xc7a100t_0] 0]
INFO: [Labtools 27-1434] Device xc7a100t (JTAG device index = 0) is programmed with a design that has no supported debug core(s) in it.
WARNING: [Labtools 27-3123] The debug hub core was not detected at User Scan Chain 1 or 3.
Resolution: 
1. Make sure the clock connected to the debug hub (dbg_hub) core is a free running clock and is active OR
2. Manually launch hw_server with -e "set xsdb-user-bscan <C_USER_SCAN_CHAIN scan_chain_number>" to detect the debug hub at User Scan Chain of 2 or 4. To determine the user scan chain setting, open the implemented design and use: get_property C_USER_SCAN_CHAIN [get_debug_cores dbg_hub].
WARNING: [Labtoolstcl 44-130] No matching hw_ilas were found.
WARNING: [Labtoolstcl 44-130] No matching hw_ilas were found.
WARNING: [Labtoolstcl 44-130] No matching hw_ilas were found.
WARNING: [Labtoolstcl 44-130] No matching hw_ilas were found.
reset_run synth_1
launch_runs impl_1 -to_step write_bitstream -jobs 2
[Tue Jun 06 16:20:30 2017] Launched synth_1...
Run output will be captured here: C:/Users/Acer/Desktop/Laboratorio ELO212/esclavo_endpoint_uart/esclavo_endpoint_uart.runs/synth_1/runme.log
[Tue Jun 06 16:20:30 2017] Launched impl_1...
Run output will be captured here: C:/Users/Acer/Desktop/Laboratorio ELO212/esclavo_endpoint_uart/esclavo_endpoint_uart.runs/impl_1/runme.log
set_property PROBES.FILE {} [lindex [get_hw_devices xc7a100t_0] 0]
set_property PROGRAM.FILE {C:/Users/Acer/Desktop/Laboratorio ELO212/esclavo_endpoint_uart/esclavo_endpoint_uart.runs/impl_1/esclavo_endpoint_uart.bit} [lindex [get_hw_devices xc7a100t_0] 0]
program_hw_devices [lindex [get_hw_devices xc7a100t_0] 0]
INFO: [Labtools 27-3164] End of startup status: HIGH
refresh_hw_device [lindex [get_hw_devices xc7a100t_0] 0]
INFO: [Labtools 27-1434] Device xc7a100t (JTAG device index = 0) is programmed with a design that has no supported debug core(s) in it.
WARNING: [Labtools 27-3123] The debug hub core was not detected at User Scan Chain 1 or 3.
Resolution: 
1. Make sure the clock connected to the debug hub (dbg_hub) core is a free running clock and is active OR
2. Manually launch hw_server with -e "set xsdb-user-bscan <C_USER_SCAN_CHAIN scan_chain_number>" to detect the debug hub at User Scan Chain of 2 or 4. To determine the user scan chain setting, open the implemented design and use: get_property C_USER_SCAN_CHAIN [get_debug_cores dbg_hub].
WARNING: [Labtoolstcl 44-130] No matching hw_ilas were found.
WARNING: [Labtoolstcl 44-130] No matching hw_ilas were found.
WARNING: [Labtoolstcl 44-130] No matching hw_ilas were found.
WARNING: [Labtoolstcl 44-130] No matching hw_ilas were found.
reset_run synth_1
launch_runs impl_1 -to_step write_bitstream -jobs 2
[Tue Jun 06 16:36:11 2017] Launched synth_1...
Run output will be captured here: C:/Users/Acer/Desktop/Laboratorio ELO212/esclavo_endpoint_uart/esclavo_endpoint_uart.runs/synth_1/runme.log
[Tue Jun 06 16:36:11 2017] Launched impl_1...
Run output will be captured here: C:/Users/Acer/Desktop/Laboratorio ELO212/esclavo_endpoint_uart/esclavo_endpoint_uart.runs/impl_1/runme.log
set_property PROBES.FILE {} [lindex [get_hw_devices xc7a100t_0] 0]
set_property PROGRAM.FILE {C:/Users/Acer/Desktop/Laboratorio ELO212/esclavo_endpoint_uart/esclavo_endpoint_uart.runs/impl_1/esclavo_endpoint_uart.bit} [lindex [get_hw_devices xc7a100t_0] 0]
program_hw_devices [lindex [get_hw_devices xc7a100t_0] 0]
INFO: [Labtools 27-3164] End of startup status: HIGH
refresh_hw_device [lindex [get_hw_devices xc7a100t_0] 0]
INFO: [Labtools 27-1434] Device xc7a100t (JTAG device index = 0) is programmed with a design that has no supported debug core(s) in it.
WARNING: [Labtools 27-3123] The debug hub core was not detected at User Scan Chain 1 or 3.
Resolution: 
1. Make sure the clock connected to the debug hub (dbg_hub) core is a free running clock and is active OR
2. Manually launch hw_server with -e "set xsdb-user-bscan <C_USER_SCAN_CHAIN scan_chain_number>" to detect the debug hub at User Scan Chain of 2 or 4. To determine the user scan chain setting, open the implemented design and use: get_property C_USER_SCAN_CHAIN [get_debug_cores dbg_hub].
WARNING: [Labtoolstcl 44-130] No matching hw_ilas were found.
WARNING: [Labtoolstcl 44-130] No matching hw_ilas were found.
WARNING: [Labtoolstcl 44-130] No matching hw_ilas were found.
WARNING: [Labtoolstcl 44-130] No matching hw_ilas were found.
reset_run synth_1
launch_runs impl_1 -to_step write_bitstream -jobs 2
[Tue Jun 06 16:43:39 2017] Launched synth_1...
Run output will be captured here: C:/Users/Acer/Desktop/Laboratorio ELO212/esclavo_endpoint_uart/esclavo_endpoint_uart.runs/synth_1/runme.log
[Tue Jun 06 16:43:39 2017] Launched impl_1...
Run output will be captured here: C:/Users/Acer/Desktop/Laboratorio ELO212/esclavo_endpoint_uart/esclavo_endpoint_uart.runs/impl_1/runme.log
close_hw
open_hw
connect_hw_server
INFO: [Labtools 27-2285] Connecting to hw_server url TCP:localhost:3121
INFO: [Labtools 27-2222] Launching hw_server...
INFO: [Labtools 27-2221] Launch Output:

****** Xilinx hw_server v2016.4
  **** Build date : Jan 23 2017-19:37:29
    ** Copyright 1986-2016 Xilinx, Inc. All Rights Reserved.


connect_hw_server: Time (s): cpu = 00:00:01 ; elapsed = 00:00:07 . Memory (MB): peak = 953.816 ; gain = 0.000
open_hw_target
INFO: [Labtoolstcl 44-466] Opening hw_target localhost:3121/xilinx_tcf/Digilent/210292A40220A
set_property PROGRAM.FILE {C:/Users/Acer/Desktop/Laboratorio ELO212/esclavo_endpoint_uart/esclavo_endpoint_uart.runs/impl_1/esclavo_endpoint_uart.bit} [lindex [get_hw_devices xc7a100t_0] 0]
current_hw_device [lindex [get_hw_devices xc7a100t_0] 0]
refresh_hw_device -update_hw_probes false [lindex [get_hw_devices xc7a100t_0] 0]
INFO: [Labtools 27-1434] Device xc7a100t (JTAG device index = 0) is programmed with a design that has no supported debug core(s) in it.
WARNING: [Labtools 27-3123] The debug hub core was not detected at User Scan Chain 1 or 3.
Resolution: 
1. Make sure the clock connected to the debug hub (dbg_hub) core is a free running clock and is active OR
2. Manually launch hw_server with -e "set xsdb-user-bscan <C_USER_SCAN_CHAIN scan_chain_number>" to detect the debug hub at User Scan Chain of 2 or 4. To determine the user scan chain setting, open the implemented design and use: get_property C_USER_SCAN_CHAIN [get_debug_cores dbg_hub].
set_property PROBES.FILE {} [lindex [get_hw_devices xc7a100t_0] 0]
set_property PROGRAM.FILE {C:/Users/Acer/Desktop/Laboratorio ELO212/esclavo_endpoint_uart/esclavo_endpoint_uart.runs/impl_1/esclavo_endpoint_uart.bit} [lindex [get_hw_devices xc7a100t_0] 0]
program_hw_devices [lindex [get_hw_devices xc7a100t_0] 0]
INFO: [Labtools 27-3164] End of startup status: HIGH
refresh_hw_device [lindex [get_hw_devices xc7a100t_0] 0]
INFO: [Labtools 27-1434] Device xc7a100t (JTAG device index = 0) is programmed with a design that has no supported debug core(s) in it.
WARNING: [Labtools 27-3123] The debug hub core was not detected at User Scan Chain 1 or 3.
Resolution: 
1. Make sure the clock connected to the debug hub (dbg_hub) core is a free running clock and is active OR
2. Manually launch hw_server with -e "set xsdb-user-bscan <C_USER_SCAN_CHAIN scan_chain_number>" to detect the debug hub at User Scan Chain of 2 or 4. To determine the user scan chain setting, open the implemented design and use: get_property C_USER_SCAN_CHAIN [get_debug_cores dbg_hub].
WARNING: [Labtoolstcl 44-130] No matching hw_ilas were found.
WARNING: [Labtoolstcl 44-130] No matching hw_ilas were found.
WARNING: [Labtoolstcl 44-130] No matching hw_ilas were found.
WARNING: [Labtoolstcl 44-130] No matching hw_ilas were found.
reset_run synth_1
launch_runs impl_1 -to_step write_bitstream -jobs 2
[Tue Jun 06 17:00:03 2017] Launched synth_1...
Run output will be captured here: C:/Users/Acer/Desktop/Laboratorio ELO212/esclavo_endpoint_uart/esclavo_endpoint_uart.runs/synth_1/runme.log
[Tue Jun 06 17:00:03 2017] Launched impl_1...
Run output will be captured here: C:/Users/Acer/Desktop/Laboratorio ELO212/esclavo_endpoint_uart/esclavo_endpoint_uart.runs/impl_1/runme.log
set_property PROBES.FILE {} [lindex [get_hw_devices xc7a100t_0] 0]
set_property PROGRAM.FILE {C:/Users/Acer/Desktop/Laboratorio ELO212/esclavo_endpoint_uart/esclavo_endpoint_uart.runs/impl_1/esclavo_endpoint_uart.bit} [lindex [get_hw_devices xc7a100t_0] 0]
program_hw_devices [lindex [get_hw_devices xc7a100t_0] 0]
INFO: [Labtools 27-3164] End of startup status: HIGH
refresh_hw_device [lindex [get_hw_devices xc7a100t_0] 0]
INFO: [Labtools 27-1434] Device xc7a100t (JTAG device index = 0) is programmed with a design that has no supported debug core(s) in it.
WARNING: [Labtools 27-3123] The debug hub core was not detected at User Scan Chain 1 or 3.
Resolution: 
1. Make sure the clock connected to the debug hub (dbg_hub) core is a free running clock and is active OR
2. Manually launch hw_server with -e "set xsdb-user-bscan <C_USER_SCAN_CHAIN scan_chain_number>" to detect the debug hub at User Scan Chain of 2 or 4. To determine the user scan chain setting, open the implemented design and use: get_property C_USER_SCAN_CHAIN [get_debug_cores dbg_hub].
WARNING: [Labtoolstcl 44-130] No matching hw_ilas were found.
WARNING: [Labtoolstcl 44-130] No matching hw_ilas were found.
WARNING: [Labtoolstcl 44-130] No matching hw_ilas were found.
WARNING: [Labtoolstcl 44-130] No matching hw_ilas were found.
close_hw
reset_run synth_1
launch_runs impl_1 -to_step write_bitstream -jobs 2
[Tue Jun 06 17:15:27 2017] Launched synth_1...
Run output will be captured here: C:/Users/Acer/Desktop/Laboratorio ELO212/esclavo_endpoint_uart/esclavo_endpoint_uart.runs/synth_1/runme.log
[Tue Jun 06 17:15:27 2017] Launched impl_1...
Run output will be captured here: C:/Users/Acer/Desktop/Laboratorio ELO212/esclavo_endpoint_uart/esclavo_endpoint_uart.runs/impl_1/runme.log
open_hw
connect_hw_server
INFO: [Labtools 27-2285] Connecting to hw_server url TCP:localhost:3121
open_hw_target
INFO: [Labtoolstcl 44-466] Opening hw_target localhost:3121/xilinx_tcf/Digilent/210292A40220A
set_property PROGRAM.FILE {C:/Users/Acer/Desktop/Laboratorio ELO212/esclavo_endpoint_uart/esclavo_endpoint_uart.runs/impl_1/esclavo_endpoint_uart.bit} [lindex [get_hw_devices xc7a100t_0] 0]
current_hw_device [lindex [get_hw_devices xc7a100t_0] 0]
refresh_hw_device -update_hw_probes false [lindex [get_hw_devices xc7a100t_0] 0]
INFO: [Labtools 27-1434] Device xc7a100t (JTAG device index = 0) is programmed with a design that has no supported debug core(s) in it.
WARNING: [Labtools 27-3123] The debug hub core was not detected at User Scan Chain 1 or 3.
Resolution: 
1. Make sure the clock connected to the debug hub (dbg_hub) core is a free running clock and is active OR
2. Manually launch hw_server with -e "set xsdb-user-bscan <C_USER_SCAN_CHAIN scan_chain_number>" to detect the debug hub at User Scan Chain of 2 or 4. To determine the user scan chain setting, open the implemented design and use: get_property C_USER_SCAN_CHAIN [get_debug_cores dbg_hub].
set_property PROBES.FILE {} [lindex [get_hw_devices xc7a100t_0] 0]
set_property PROGRAM.FILE {C:/Users/Acer/Desktop/Laboratorio ELO212/esclavo_endpoint_uart/esclavo_endpoint_uart.runs/impl_1/esclavo_endpoint_uart.bit} [lindex [get_hw_devices xc7a100t_0] 0]
program_hw_devices [lindex [get_hw_devices xc7a100t_0] 0]
INFO: [Labtools 27-3164] End of startup status: HIGH
refresh_hw_device [lindex [get_hw_devices xc7a100t_0] 0]
INFO: [Labtools 27-1434] Device xc7a100t (JTAG device index = 0) is programmed with a design that has no supported debug core(s) in it.
WARNING: [Labtools 27-3123] The debug hub core was not detected at User Scan Chain 1 or 3.
Resolution: 
1. Make sure the clock connected to the debug hub (dbg_hub) core is a free running clock and is active OR
2. Manually launch hw_server with -e "set xsdb-user-bscan <C_USER_SCAN_CHAIN scan_chain_number>" to detect the debug hub at User Scan Chain of 2 or 4. To determine the user scan chain setting, open the implemented design and use: get_property C_USER_SCAN_CHAIN [get_debug_cores dbg_hub].
WARNING: [Labtoolstcl 44-130] No matching hw_ilas were found.
WARNING: [Labtoolstcl 44-130] No matching hw_ilas were found.
WARNING: [Labtoolstcl 44-130] No matching hw_ilas were found.
WARNING: [Labtoolstcl 44-130] No matching hw_ilas were found.
ERROR: [Labtools 27-2269] No devices detected on target localhost:3121/xilinx_tcf/Digilent/210292A40220A.
Check cable connectivity and that the target board is powered up then
use the disconnect_hw_server and connect_hw_server to re-register this hardware target.
reset_run synth_1
launch_runs impl_1 -to_step write_bitstream -jobs 2
[Tue Jun 06 17:35:41 2017] Launched synth_1...
Run output will be captured here: C:/Users/Acer/Desktop/Laboratorio ELO212/esclavo_endpoint_uart/esclavo_endpoint_uart.runs/synth_1/runme.log
[Tue Jun 06 17:35:41 2017] Launched impl_1...
Run output will be captured here: C:/Users/Acer/Desktop/Laboratorio ELO212/esclavo_endpoint_uart/esclavo_endpoint_uart.runs/impl_1/runme.log
ERROR: [Labtoolstcl 44-513] HW Target shutdown. Closing target: localhost:3121/xilinx_tcf/Digilent/210292A40220A
reset_run synth_1
launch_runs impl_1 -to_step write_bitstream -jobs 2
[Tue Jun 06 17:40:40 2017] Launched synth_1...
Run output will be captured here: C:/Users/Acer/Desktop/Laboratorio ELO212/esclavo_endpoint_uart/esclavo_endpoint_uart.runs/synth_1/runme.log
[Tue Jun 06 17:40:40 2017] Launched impl_1...
Run output will be captured here: C:/Users/Acer/Desktop/Laboratorio ELO212/esclavo_endpoint_uart/esclavo_endpoint_uart.runs/impl_1/runme.log
INFO: [Labtoolstcl 44-466] Opening hw_target localhost:3121/xilinx_tcf/Digilent/210292A40220A
ERROR: [Labtools 27-2269] No devices detected on target localhost:3121/xilinx_tcf/Digilent/210292A40220A.
Check cable connectivity and that the target board is powered up then
use the disconnect_hw_server and connect_hw_server to re-register this hardware target.
ERROR: [Common 17-39] 'open_hw_target' failed due to earlier errors.
INFO: [Labtools 27-1435] Device xc7a100t (JTAG device index = 0) is not programmed (DONE status = 0).
set_property PROBES.FILE {} [lindex [get_hw_devices xc7a100t_0] 0]
set_property PROGRAM.FILE {C:/Users/Acer/Desktop/Laboratorio ELO212/esclavo_endpoint_uart/esclavo_endpoint_uart.runs/impl_1/esclavo_endpoint_uart.bit} [lindex [get_hw_devices xc7a100t_0] 0]
program_hw_devices [lindex [get_hw_devices xc7a100t_0] 0]
INFO: [Labtools 27-3164] End of startup status: HIGH
refresh_hw_device [lindex [get_hw_devices xc7a100t_0] 0]
INFO: [Labtools 27-1434] Device xc7a100t (JTAG device index = 0) is programmed with a design that has no supported debug core(s) in it.
WARNING: [Labtools 27-3123] The debug hub core was not detected at User Scan Chain 1 or 3.
Resolution: 
1. Make sure the clock connected to the debug hub (dbg_hub) core is a free running clock and is active OR
2. Manually launch hw_server with -e "set xsdb-user-bscan <C_USER_SCAN_CHAIN scan_chain_number>" to detect the debug hub at User Scan Chain of 2 or 4. To determine the user scan chain setting, open the implemented design and use: get_property C_USER_SCAN_CHAIN [get_debug_cores dbg_hub].
WARNING: [Labtoolstcl 44-130] No matching hw_ilas were found.
WARNING: [Labtoolstcl 44-130] No matching hw_ilas were found.
WARNING: [Labtoolstcl 44-130] No matching hw_ilas were found.
WARNING: [Labtoolstcl 44-130] No matching hw_ilas were found.
ERROR: [Labtools 27-2269] No devices detected on target localhost:3121/xilinx_tcf/Digilent/210292A40220A.
Check cable connectivity and that the target board is powered up then
use the disconnect_hw_server and connect_hw_server to re-register this hardware target.
ERROR: [Labtoolstcl 44-513] HW Target shutdown. Closing target: localhost:3121/xilinx_tcf/Digilent/210292A40220A
close_hw
close [ open {C:/Users/Acer/Desktop/Laboratorio ELO212/esclavo_endpoint_uart/esclavo_endpoint_uart.srcs/sources_1/new/tx_control_UART.v} w ]
add_files {{C:/Users/Acer/Desktop/Laboratorio ELO212/esclavo_endpoint_uart/esclavo_endpoint_uart.srcs/sources_1/new/tx_control_UART.v}}
reset_run synth_1
launch_runs impl_1 -to_step write_bitstream -jobs 2
[Tue Jun 06 18:24:34 2017] Launched synth_1...
Run output will be captured here: C:/Users/Acer/Desktop/Laboratorio ELO212/esclavo_endpoint_uart/esclavo_endpoint_uart.runs/synth_1/runme.log
[Tue Jun 06 18:24:34 2017] Launched impl_1...
Run output will be captured here: C:/Users/Acer/Desktop/Laboratorio ELO212/esclavo_endpoint_uart/esclavo_endpoint_uart.runs/impl_1/runme.log
open_hw
connect_hw_server
INFO: [Labtools 27-2285] Connecting to hw_server url TCP:localhost:3121
INFO: [Labtools 27-2222] Launching hw_server...
INFO: [Labtools 27-2221] Launch Output:

****** Xilinx hw_server v2016.4
  **** Build date : Jan 23 2017-19:37:29
    ** Copyright 1986-2016 Xilinx, Inc. All Rights Reserved.


open_hw_target
INFO: [Labtoolstcl 44-466] Opening hw_target localhost:3121/xilinx_tcf/Digilent/210292A40220A
set_property PROGRAM.FILE {C:/Users/Acer/Desktop/Laboratorio ELO212/esclavo_endpoint_uart/esclavo_endpoint_uart.runs/impl_1/esclavo_endpoint_uart.bit} [lindex [get_hw_devices xc7a100t_0] 0]
current_hw_device [lindex [get_hw_devices xc7a100t_0] 0]
refresh_hw_device -update_hw_probes false [lindex [get_hw_devices xc7a100t_0] 0]
INFO: [Labtools 27-1434] Device xc7a100t (JTAG device index = 0) is programmed with a design that has no supported debug core(s) in it.
WARNING: [Labtools 27-3123] The debug hub core was not detected at User Scan Chain 1 or 3.
Resolution: 
1. Make sure the clock connected to the debug hub (dbg_hub) core is a free running clock and is active OR
2. Manually launch hw_server with -e "set xsdb-user-bscan <C_USER_SCAN_CHAIN scan_chain_number>" to detect the debug hub at User Scan Chain of 2 or 4. To determine the user scan chain setting, open the implemented design and use: get_property C_USER_SCAN_CHAIN [get_debug_cores dbg_hub].
set_property PROBES.FILE {} [lindex [get_hw_devices xc7a100t_0] 0]
set_property PROGRAM.FILE {C:/Users/Acer/Desktop/Laboratorio ELO212/esclavo_endpoint_uart/esclavo_endpoint_uart.runs/impl_1/esclavo_endpoint_uart.bit} [lindex [get_hw_devices xc7a100t_0] 0]
program_hw_devices [lindex [get_hw_devices xc7a100t_0] 0]
INFO: [Labtools 27-3164] End of startup status: HIGH
refresh_hw_device [lindex [get_hw_devices xc7a100t_0] 0]
INFO: [Labtools 27-1434] Device xc7a100t (JTAG device index = 0) is programmed with a design that has no supported debug core(s) in it.
WARNING: [Labtools 27-3123] The debug hub core was not detected at User Scan Chain 1 or 3.
Resolution: 
1. Make sure the clock connected to the debug hub (dbg_hub) core is a free running clock and is active OR
2. Manually launch hw_server with -e "set xsdb-user-bscan <C_USER_SCAN_CHAIN scan_chain_number>" to detect the debug hub at User Scan Chain of 2 or 4. To determine the user scan chain setting, open the implemented design and use: get_property C_USER_SCAN_CHAIN [get_debug_cores dbg_hub].
WARNING: [Labtoolstcl 44-130] No matching hw_ilas were found.
WARNING: [Labtoolstcl 44-130] No matching hw_ilas were found.
WARNING: [Labtoolstcl 44-130] No matching hw_ilas were found.
WARNING: [Labtoolstcl 44-130] No matching hw_ilas were found.
reset_run synth_1
launch_runs impl_1 -to_step write_bitstream -jobs 2
[Tue Jun 06 18:39:51 2017] Launched synth_1...
Run output will be captured here: C:/Users/Acer/Desktop/Laboratorio ELO212/esclavo_endpoint_uart/esclavo_endpoint_uart.runs/synth_1/runme.log
[Tue Jun 06 18:39:51 2017] Launched impl_1...
Run output will be captured here: C:/Users/Acer/Desktop/Laboratorio ELO212/esclavo_endpoint_uart/esclavo_endpoint_uart.runs/impl_1/runme.log
set_property PROBES.FILE {} [lindex [get_hw_devices xc7a100t_0] 0]
set_property PROGRAM.FILE {C:/Users/Acer/Desktop/Laboratorio ELO212/esclavo_endpoint_uart/esclavo_endpoint_uart.runs/impl_1/esclavo_endpoint_uart.bit} [lindex [get_hw_devices xc7a100t_0] 0]
program_hw_devices [lindex [get_hw_devices xc7a100t_0] 0]
INFO: [Labtools 27-3164] End of startup status: HIGH
refresh_hw_device [lindex [get_hw_devices xc7a100t_0] 0]
INFO: [Labtools 27-1434] Device xc7a100t (JTAG device index = 0) is programmed with a design that has no supported debug core(s) in it.
WARNING: [Labtools 27-3123] The debug hub core was not detected at User Scan Chain 1 or 3.
Resolution: 
1. Make sure the clock connected to the debug hub (dbg_hub) core is a free running clock and is active OR
2. Manually launch hw_server with -e "set xsdb-user-bscan <C_USER_SCAN_CHAIN scan_chain_number>" to detect the debug hub at User Scan Chain of 2 or 4. To determine the user scan chain setting, open the implemented design and use: get_property C_USER_SCAN_CHAIN [get_debug_cores dbg_hub].
WARNING: [Labtoolstcl 44-130] No matching hw_ilas were found.
WARNING: [Labtoolstcl 44-130] No matching hw_ilas were found.
WARNING: [Labtoolstcl 44-130] No matching hw_ilas were found.
WARNING: [Labtoolstcl 44-130] No matching hw_ilas were found.
reset_run synth_1
launch_runs impl_1 -to_step write_bitstream -jobs 2
[Tue Jun 06 19:21:22 2017] Launched synth_1...
Run output will be captured here: C:/Users/Acer/Desktop/Laboratorio ELO212/esclavo_endpoint_uart/esclavo_endpoint_uart.runs/synth_1/runme.log
[Tue Jun 06 19:21:22 2017] Launched impl_1...
Run output will be captured here: C:/Users/Acer/Desktop/Laboratorio ELO212/esclavo_endpoint_uart/esclavo_endpoint_uart.runs/impl_1/runme.log
reset_run impl_1
reset_run synth_1
launch_runs impl_1 -to_step write_bitstream -jobs 2
[Tue Jun 06 19:23:43 2017] Launched synth_1...
Run output will be captured here: C:/Users/Acer/Desktop/Laboratorio ELO212/esclavo_endpoint_uart/esclavo_endpoint_uart.runs/synth_1/runme.log
[Tue Jun 06 19:23:43 2017] Launched impl_1...
Run output will be captured here: C:/Users/Acer/Desktop/Laboratorio ELO212/esclavo_endpoint_uart/esclavo_endpoint_uart.runs/impl_1/runme.log
set_property PROBES.FILE {} [lindex [get_hw_devices xc7a100t_0] 0]
set_property PROGRAM.FILE {C:/Users/Acer/Desktop/Laboratorio ELO212/esclavo_endpoint_uart/esclavo_endpoint_uart.runs/impl_1/esclavo_endpoint_uart.bit} [lindex [get_hw_devices xc7a100t_0] 0]
program_hw_devices [lindex [get_hw_devices xc7a100t_0] 0]
INFO: [Labtools 27-3164] End of startup status: HIGH
refresh_hw_device [lindex [get_hw_devices xc7a100t_0] 0]
INFO: [Labtools 27-1434] Device xc7a100t (JTAG device index = 0) is programmed with a design that has no supported debug core(s) in it.
WARNING: [Labtools 27-3123] The debug hub core was not detected at User Scan Chain 1 or 3.
Resolution: 
1. Make sure the clock connected to the debug hub (dbg_hub) core is a free running clock and is active OR
2. Manually launch hw_server with -e "set xsdb-user-bscan <C_USER_SCAN_CHAIN scan_chain_number>" to detect the debug hub at User Scan Chain of 2 or 4. To determine the user scan chain setting, open the implemented design and use: get_property C_USER_SCAN_CHAIN [get_debug_cores dbg_hub].
WARNING: [Labtoolstcl 44-130] No matching hw_ilas were found.
WARNING: [Labtoolstcl 44-130] No matching hw_ilas were found.
WARNING: [Labtoolstcl 44-130] No matching hw_ilas were found.
WARNING: [Labtoolstcl 44-130] No matching hw_ilas were found.
reset_run synth_1
launch_runs impl_1 -to_step write_bitstream -jobs 2
[Tue Jun 06 19:31:01 2017] Launched synth_1...
Run output will be captured here: C:/Users/Acer/Desktop/Laboratorio ELO212/esclavo_endpoint_uart/esclavo_endpoint_uart.runs/synth_1/runme.log
[Tue Jun 06 19:31:01 2017] Launched impl_1...
Run output will be captured here: C:/Users/Acer/Desktop/Laboratorio ELO212/esclavo_endpoint_uart/esclavo_endpoint_uart.runs/impl_1/runme.log
set_property PROBES.FILE {} [lindex [get_hw_devices xc7a100t_0] 0]
set_property PROGRAM.FILE {C:/Users/Acer/Desktop/Laboratorio ELO212/esclavo_endpoint_uart/esclavo_endpoint_uart.runs/impl_1/esclavo_endpoint_uart.bit} [lindex [get_hw_devices xc7a100t_0] 0]
program_hw_devices [lindex [get_hw_devices xc7a100t_0] 0]
INFO: [Labtools 27-3164] End of startup status: HIGH
refresh_hw_device [lindex [get_hw_devices xc7a100t_0] 0]
INFO: [Labtools 27-1434] Device xc7a100t (JTAG device index = 0) is programmed with a design that has no supported debug core(s) in it.
WARNING: [Labtools 27-3123] The debug hub core was not detected at User Scan Chain 1 or 3.
Resolution: 
1. Make sure the clock connected to the debug hub (dbg_hub) core is a free running clock and is active OR
2. Manually launch hw_server with -e "set xsdb-user-bscan <C_USER_SCAN_CHAIN scan_chain_number>" to detect the debug hub at User Scan Chain of 2 or 4. To determine the user scan chain setting, open the implemented design and use: get_property C_USER_SCAN_CHAIN [get_debug_cores dbg_hub].
WARNING: [Labtoolstcl 44-130] No matching hw_ilas were found.
WARNING: [Labtoolstcl 44-130] No matching hw_ilas were found.
WARNING: [Labtoolstcl 44-130] No matching hw_ilas were found.
WARNING: [Labtoolstcl 44-130] No matching hw_ilas were found.
reset_run synth_1
launch_runs impl_1 -to_step write_bitstream -jobs 2
[Tue Jun 06 19:45:24 2017] Launched synth_1...
Run output will be captured here: C:/Users/Acer/Desktop/Laboratorio ELO212/esclavo_endpoint_uart/esclavo_endpoint_uart.runs/synth_1/runme.log
[Tue Jun 06 19:45:24 2017] Launched impl_1...
Run output will be captured here: C:/Users/Acer/Desktop/Laboratorio ELO212/esclavo_endpoint_uart/esclavo_endpoint_uart.runs/impl_1/runme.log
set_property PROBES.FILE {} [lindex [get_hw_devices xc7a100t_0] 0]
set_property PROGRAM.FILE {C:/Users/Acer/Desktop/Laboratorio ELO212/esclavo_endpoint_uart/esclavo_endpoint_uart.runs/impl_1/esclavo_endpoint_uart.bit} [lindex [get_hw_devices xc7a100t_0] 0]
program_hw_devices [lindex [get_hw_devices xc7a100t_0] 0]
INFO: [Labtools 27-3164] End of startup status: HIGH
refresh_hw_device [lindex [get_hw_devices xc7a100t_0] 0]
INFO: [Labtools 27-1434] Device xc7a100t (JTAG device index = 0) is programmed with a design that has no supported debug core(s) in it.
WARNING: [Labtools 27-3123] The debug hub core was not detected at User Scan Chain 1 or 3.
Resolution: 
1. Make sure the clock connected to the debug hub (dbg_hub) core is a free running clock and is active OR
2. Manually launch hw_server with -e "set xsdb-user-bscan <C_USER_SCAN_CHAIN scan_chain_number>" to detect the debug hub at User Scan Chain of 2 or 4. To determine the user scan chain setting, open the implemented design and use: get_property C_USER_SCAN_CHAIN [get_debug_cores dbg_hub].
WARNING: [Labtoolstcl 44-130] No matching hw_ilas were found.
WARNING: [Labtoolstcl 44-130] No matching hw_ilas were found.
WARNING: [Labtoolstcl 44-130] No matching hw_ilas were found.
WARNING: [Labtoolstcl 44-130] No matching hw_ilas were found.
reset_run synth_1
launch_runs impl_1 -to_step write_bitstream -jobs 2
[Tue Jun 06 19:55:57 2017] Launched synth_1...
Run output will be captured here: C:/Users/Acer/Desktop/Laboratorio ELO212/esclavo_endpoint_uart/esclavo_endpoint_uart.runs/synth_1/runme.log
[Tue Jun 06 19:55:57 2017] Launched impl_1...
Run output will be captured here: C:/Users/Acer/Desktop/Laboratorio ELO212/esclavo_endpoint_uart/esclavo_endpoint_uart.runs/impl_1/runme.log
set_property PROBES.FILE {} [lindex [get_hw_devices xc7a100t_0] 0]
set_property PROGRAM.FILE {C:/Users/Acer/Desktop/Laboratorio ELO212/esclavo_endpoint_uart/esclavo_endpoint_uart.runs/impl_1/esclavo_endpoint_uart.bit} [lindex [get_hw_devices xc7a100t_0] 0]
program_hw_devices [lindex [get_hw_devices xc7a100t_0] 0]
INFO: [Labtools 27-3164] End of startup status: HIGH
refresh_hw_device [lindex [get_hw_devices xc7a100t_0] 0]
INFO: [Labtools 27-1434] Device xc7a100t (JTAG device index = 0) is programmed with a design that has no supported debug core(s) in it.
WARNING: [Labtools 27-3123] The debug hub core was not detected at User Scan Chain 1 or 3.
Resolution: 
1. Make sure the clock connected to the debug hub (dbg_hub) core is a free running clock and is active OR
2. Manually launch hw_server with -e "set xsdb-user-bscan <C_USER_SCAN_CHAIN scan_chain_number>" to detect the debug hub at User Scan Chain of 2 or 4. To determine the user scan chain setting, open the implemented design and use: get_property C_USER_SCAN_CHAIN [get_debug_cores dbg_hub].
WARNING: [Labtoolstcl 44-130] No matching hw_ilas were found.
WARNING: [Labtoolstcl 44-130] No matching hw_ilas were found.
WARNING: [Labtoolstcl 44-130] No matching hw_ilas were found.
WARNING: [Labtoolstcl 44-130] No matching hw_ilas were found.
reset_run synth_1
launch_runs impl_1 -to_step write_bitstream -jobs 2
[Tue Jun 06 20:11:23 2017] Launched synth_1...
Run output will be captured here: C:/Users/Acer/Desktop/Laboratorio ELO212/esclavo_endpoint_uart/esclavo_endpoint_uart.runs/synth_1/runme.log
[Tue Jun 06 20:11:23 2017] Launched impl_1...
Run output will be captured here: C:/Users/Acer/Desktop/Laboratorio ELO212/esclavo_endpoint_uart/esclavo_endpoint_uart.runs/impl_1/runme.log
reset_run synth_1
launch_runs impl_1 -to_step write_bitstream -jobs 2
[Tue Jun 06 20:12:38 2017] Launched synth_1...
Run output will be captured here: C:/Users/Acer/Desktop/Laboratorio ELO212/esclavo_endpoint_uart/esclavo_endpoint_uart.runs/synth_1/runme.log
[Tue Jun 06 20:12:38 2017] Launched impl_1...
Run output will be captured here: C:/Users/Acer/Desktop/Laboratorio ELO212/esclavo_endpoint_uart/esclavo_endpoint_uart.runs/impl_1/runme.log
set_property PROBES.FILE {} [lindex [get_hw_devices xc7a100t_0] 0]
set_property PROGRAM.FILE {C:/Users/Acer/Desktop/Laboratorio ELO212/esclavo_endpoint_uart/esclavo_endpoint_uart.runs/impl_1/esclavo_endpoint_uart.bit} [lindex [get_hw_devices xc7a100t_0] 0]
program_hw_devices [lindex [get_hw_devices xc7a100t_0] 0]
INFO: [Labtools 27-3164] End of startup status: HIGH
refresh_hw_device [lindex [get_hw_devices xc7a100t_0] 0]
INFO: [Labtools 27-1434] Device xc7a100t (JTAG device index = 0) is programmed with a design that has no supported debug core(s) in it.
WARNING: [Labtools 27-3123] The debug hub core was not detected at User Scan Chain 1 or 3.
Resolution: 
1. Make sure the clock connected to the debug hub (dbg_hub) core is a free running clock and is active OR
2. Manually launch hw_server with -e "set xsdb-user-bscan <C_USER_SCAN_CHAIN scan_chain_number>" to detect the debug hub at User Scan Chain of 2 or 4. To determine the user scan chain setting, open the implemented design and use: get_property C_USER_SCAN_CHAIN [get_debug_cores dbg_hub].
WARNING: [Labtoolstcl 44-130] No matching hw_ilas were found.
WARNING: [Labtoolstcl 44-130] No matching hw_ilas were found.
WARNING: [Labtoolstcl 44-130] No matching hw_ilas were found.
WARNING: [Labtoolstcl 44-130] No matching hw_ilas were found.
ERROR: [Labtools 27-2269] No devices detected on target localhost:3121/xilinx_tcf/Digilent/210292A40220A.
Check cable connectivity and that the target board is powered up then
use the disconnect_hw_server and connect_hw_server to re-register this hardware target.
ERROR: [Labtoolstcl 44-513] HW Target shutdown. Closing target: localhost:3121/xilinx_tcf/Digilent/210292A40220A
reset_run synth_1
launch_runs impl_1 -to_step write_bitstream -jobs 2
[Wed Jun 07 00:48:37 2017] Launched synth_1...
Run output will be captured here: C:/Users/Acer/Desktop/Laboratorio ELO212/esclavo_endpoint_uart/esclavo_endpoint_uart.runs/synth_1/runme.log
[Wed Jun 07 00:48:37 2017] Launched impl_1...
Run output will be captured here: C:/Users/Acer/Desktop/Laboratorio ELO212/esclavo_endpoint_uart/esclavo_endpoint_uart.runs/impl_1/runme.log
INFO: [Labtoolstcl 44-466] Opening hw_target localhost:3121/xilinx_tcf/Digilent/210292A40220A
INFO: [Labtools 27-1435] Device xc7a100t (JTAG device index = 0) is not programmed (DONE status = 0).
set_property PROBES.FILE {} [lindex [get_hw_devices xc7a100t_0] 0]
set_property PROGRAM.FILE {C:/Users/Acer/Desktop/Laboratorio ELO212/esclavo_endpoint_uart/esclavo_endpoint_uart.runs/impl_1/esclavo_endpoint_uart.bit} [lindex [get_hw_devices xc7a100t_0] 0]
program_hw_devices [lindex [get_hw_devices xc7a100t_0] 0]
INFO: [Labtools 27-3164] End of startup status: HIGH
refresh_hw_device [lindex [get_hw_devices xc7a100t_0] 0]
INFO: [Labtools 27-1434] Device xc7a100t (JTAG device index = 0) is programmed with a design that has no supported debug core(s) in it.
WARNING: [Labtools 27-3123] The debug hub core was not detected at User Scan Chain 1 or 3.
Resolution: 
1. Make sure the clock connected to the debug hub (dbg_hub) core is a free running clock and is active OR
2. Manually launch hw_server with -e "set xsdb-user-bscan <C_USER_SCAN_CHAIN scan_chain_number>" to detect the debug hub at User Scan Chain of 2 or 4. To determine the user scan chain setting, open the implemented design and use: get_property C_USER_SCAN_CHAIN [get_debug_cores dbg_hub].
WARNING: [Labtoolstcl 44-130] No matching hw_ilas were found.
WARNING: [Labtoolstcl 44-130] No matching hw_ilas were found.
WARNING: [Labtoolstcl 44-130] No matching hw_ilas were found.
WARNING: [Labtoolstcl 44-130] No matching hw_ilas were found.
reset_run synth_1
launch_runs impl_1 -to_step write_bitstream -jobs 2
[Wed Jun 07 01:09:51 2017] Launched synth_1...
Run output will be captured here: C:/Users/Acer/Desktop/Laboratorio ELO212/esclavo_endpoint_uart/esclavo_endpoint_uart.runs/synth_1/runme.log
[Wed Jun 07 01:09:51 2017] Launched impl_1...
Run output will be captured here: C:/Users/Acer/Desktop/Laboratorio ELO212/esclavo_endpoint_uart/esclavo_endpoint_uart.runs/impl_1/runme.log
set_property PROBES.FILE {} [lindex [get_hw_devices xc7a100t_0] 0]
set_property PROGRAM.FILE {C:/Users/Acer/Desktop/Laboratorio ELO212/esclavo_endpoint_uart/esclavo_endpoint_uart.runs/impl_1/esclavo_endpoint_uart.bit} [lindex [get_hw_devices xc7a100t_0] 0]
program_hw_devices [lindex [get_hw_devices xc7a100t_0] 0]
INFO: [Labtools 27-3164] End of startup status: HIGH
refresh_hw_device [lindex [get_hw_devices xc7a100t_0] 0]
INFO: [Labtools 27-1434] Device xc7a100t (JTAG device index = 0) is programmed with a design that has no supported debug core(s) in it.
WARNING: [Labtools 27-3123] The debug hub core was not detected at User Scan Chain 1 or 3.
Resolution: 
1. Make sure the clock connected to the debug hub (dbg_hub) core is a free running clock and is active OR
2. Manually launch hw_server with -e "set xsdb-user-bscan <C_USER_SCAN_CHAIN scan_chain_number>" to detect the debug hub at User Scan Chain of 2 or 4. To determine the user scan chain setting, open the implemented design and use: get_property C_USER_SCAN_CHAIN [get_debug_cores dbg_hub].
WARNING: [Labtoolstcl 44-130] No matching hw_ilas were found.
WARNING: [Labtoolstcl 44-130] No matching hw_ilas were found.
WARNING: [Labtoolstcl 44-130] No matching hw_ilas were found.
WARNING: [Labtoolstcl 44-130] No matching hw_ilas were found.
ERROR: [Labtools 27-2269] No devices detected on target localhost:3121/xilinx_tcf/Digilent/210292A40220A.
Check cable connectivity and that the target board is powered up then
use the disconnect_hw_server and connect_hw_server to re-register this hardware target.
ERROR: [Labtoolstcl 44-513] HW Target shutdown. Closing target: localhost:3121/xilinx_tcf/Digilent/210292A40220A
reset_run synth_1
launch_runs impl_1 -to_step write_bitstream -jobs 2
[Wed Jun 07 01:43:59 2017] Launched synth_1...
Run output will be captured here: C:/Users/Acer/Desktop/Laboratorio ELO212/esclavo_endpoint_uart/esclavo_endpoint_uart.runs/synth_1/runme.log
[Wed Jun 07 01:43:59 2017] Launched impl_1...
Run output will be captured here: C:/Users/Acer/Desktop/Laboratorio ELO212/esclavo_endpoint_uart/esclavo_endpoint_uart.runs/impl_1/runme.log
INFO: [Labtoolstcl 44-466] Opening hw_target localhost:3121/xilinx_tcf/Digilent/210292A40220A
INFO: [Labtools 27-1434] Device xc7a100t (JTAG device index = 0) is programmed with a design that has no supported debug core(s) in it.
WARNING: [Labtools 27-3123] The debug hub core was not detected at User Scan Chain 1 or 3.
Resolution: 
1. Make sure the clock connected to the debug hub (dbg_hub) core is a free running clock and is active OR
2. Manually launch hw_server with -e "set xsdb-user-bscan <C_USER_SCAN_CHAIN scan_chain_number>" to detect the debug hub at User Scan Chain of 2 or 4. To determine the user scan chain setting, open the implemented design and use: get_property C_USER_SCAN_CHAIN [get_debug_cores dbg_hub].
WARNING: [Labtoolstcl 44-130] No matching hw_ilas were found.
WARNING: [Labtoolstcl 44-130] No matching hw_ilas were found.
WARNING: [Labtoolstcl 44-130] No matching hw_ilas were found.
WARNING: [Labtoolstcl 44-130] No matching hw_ilas were found.
set_property PROBES.FILE {} [lindex [get_hw_devices xc7a100t_0] 0]
set_property PROGRAM.FILE {C:/Users/Acer/Desktop/Laboratorio ELO212/esclavo_endpoint_uart/esclavo_endpoint_uart.runs/impl_1/esclavo_endpoint_uart.bit} [lindex [get_hw_devices xc7a100t_0] 0]
program_hw_devices [lindex [get_hw_devices xc7a100t_0] 0]
INFO: [Labtools 27-3164] End of startup status: HIGH
refresh_hw_device [lindex [get_hw_devices xc7a100t_0] 0]
INFO: [Labtools 27-1434] Device xc7a100t (JTAG device index = 0) is programmed with a design that has no supported debug core(s) in it.
WARNING: [Labtools 27-3123] The debug hub core was not detected at User Scan Chain 1 or 3.
Resolution: 
1. Make sure the clock connected to the debug hub (dbg_hub) core is a free running clock and is active OR
2. Manually launch hw_server with -e "set xsdb-user-bscan <C_USER_SCAN_CHAIN scan_chain_number>" to detect the debug hub at User Scan Chain of 2 or 4. To determine the user scan chain setting, open the implemented design and use: get_property C_USER_SCAN_CHAIN [get_debug_cores dbg_hub].
WARNING: [Labtoolstcl 44-130] No matching hw_ilas were found.
WARNING: [Labtoolstcl 44-130] No matching hw_ilas were found.
WARNING: [Labtoolstcl 44-130] No matching hw_ilas were found.
WARNING: [Labtoolstcl 44-130] No matching hw_ilas were found.
reset_run synth_1
launch_runs impl_1 -to_step write_bitstream -jobs 2
[Wed Jun 07 02:06:49 2017] Launched synth_1...
Run output will be captured here: C:/Users/Acer/Desktop/Laboratorio ELO212/esclavo_endpoint_uart/esclavo_endpoint_uart.runs/synth_1/runme.log
[Wed Jun 07 02:06:49 2017] Launched impl_1...
Run output will be captured here: C:/Users/Acer/Desktop/Laboratorio ELO212/esclavo_endpoint_uart/esclavo_endpoint_uart.runs/impl_1/runme.log
reset_run impl_1
reset_run synth_1
launch_runs impl_1 -to_step write_bitstream -jobs 2
[Wed Jun 07 02:10:57 2017] Launched synth_1...
Run output will be captured here: C:/Users/Acer/Desktop/Laboratorio ELO212/esclavo_endpoint_uart/esclavo_endpoint_uart.runs/synth_1/runme.log
[Wed Jun 07 02:10:57 2017] Launched impl_1...
Run output will be captured here: C:/Users/Acer/Desktop/Laboratorio ELO212/esclavo_endpoint_uart/esclavo_endpoint_uart.runs/impl_1/runme.log
set_property PROBES.FILE {} [lindex [get_hw_devices xc7a100t_0] 0]
set_property PROGRAM.FILE {C:/Users/Acer/Desktop/Laboratorio ELO212/esclavo_endpoint_uart/esclavo_endpoint_uart.runs/impl_1/esclavo_endpoint_uart.bit} [lindex [get_hw_devices xc7a100t_0] 0]
program_hw_devices [lindex [get_hw_devices xc7a100t_0] 0]
INFO: [Labtools 27-3164] End of startup status: HIGH
refresh_hw_device [lindex [get_hw_devices xc7a100t_0] 0]
INFO: [Labtools 27-1434] Device xc7a100t (JTAG device index = 0) is programmed with a design that has no supported debug core(s) in it.
WARNING: [Labtools 27-3123] The debug hub core was not detected at User Scan Chain 1 or 3.
Resolution: 
1. Make sure the clock connected to the debug hub (dbg_hub) core is a free running clock and is active OR
2. Manually launch hw_server with -e "set xsdb-user-bscan <C_USER_SCAN_CHAIN scan_chain_number>" to detect the debug hub at User Scan Chain of 2 or 4. To determine the user scan chain setting, open the implemented design and use: get_property C_USER_SCAN_CHAIN [get_debug_cores dbg_hub].
WARNING: [Labtoolstcl 44-130] No matching hw_ilas were found.
WARNING: [Labtoolstcl 44-130] No matching hw_ilas were found.
WARNING: [Labtoolstcl 44-130] No matching hw_ilas were found.
WARNING: [Labtoolstcl 44-130] No matching hw_ilas were found.
ERROR: [Labtools 27-2269] No devices detected on target localhost:3121/xilinx_tcf/Digilent/210292A40220A.
Check cable connectivity and that the target board is powered up then
use the disconnect_hw_server and connect_hw_server to re-register this hardware target.
ERROR: [Labtoolstcl 44-513] HW Target shutdown. Closing target: localhost:3121/xilinx_tcf/Digilent/210292A40220A
exit
INFO: [Common 17-206] Exiting Vivado at Wed Jun 07 02:25:28 2017...
